#
# A fatal error has been detected by the Java Runtime Environment:
#
#  EXCEPTION_ACCESS_VIOLATION (0xc0000005) at pc=0x00000000691a41a8, pid=14360, tid=14664
#
# JRE version: 7.0_06-b24
# Java VM: Java HotSpot(TM) 64-Bit Server VM (23.2-b09 mixed mode windows-amd64 compressed oops)
# Problematic frame:
# C  [atio6axx.dll+0x1741a8]  DrvPresentBuffers+0x10f0d8
#
# Failed to write core dump. Minidumps are not enabled by default on client versions of Windows
#
# If you would like to submit a bug report, please visit:
#   http://bugreport.sun.com/bugreport/crash.jsp
# The crash happened outside the Java Virtual Machine in native code.
# See problematic frame for where to report the bug.
#

---------------  T H R E A D  ---------------

Current thread (0x000000000df64000):  JavaThread "LWJGL Application" [_thread_in_native, id=14664, stack(0x0000000010250000,0x0000000010350000)]

siginfo: ExceptionCode=0xc0000005, reading address 0x000000000e0b1000

Registers:
RAX=0x000000000003f000, RBX=0x000000006a76c080, RCX=0x000000001288d2f0, RDX=0x000000000e0b1010
RSP=0x000000001034ede0, RBP=0x0000000000000004, RSI=0x000000001288d2d0, RDI=0x0000000000000030
R8 =0x000000001288d300, R9 =0xfffffffffb823d20, R10=0x000000001288d2e1, R11=0x0000000081330000
R12=0x000000000000002c, R13=0x000000006a790b58, R14=0x000000000000002c, R15=0x0000000000000001
RIP=0x00000000691a41a8, EFLAGS=0x0000000000010202

Top of Stack: (sp=0x000000001034ede0)
0x000000001034ede0:   0000000000000000 00000000692b27eb
0x000000001034edf0:   0000000000000000 000000006a790b58
0x000000001034ee00:   0000000000000004 0000000000000001
0x000000001034ee10:   000000006a78e1a8 0000000000000002
0x000000001034ee20:   000000006a76c100 0000000069274b86
0x000000001034ee30:   8000000001400001 000000000000000c
0x000000001034ee40:   000000006a78e1a8 0000000000000004
0x000000001034ee50:   0000000000000001 00000000699d007a
0x000000001034ee60:   000000000000002c 0000000000000000
0x000000001034ee70:   0000000000000001 000000000000002c
0x000000001034ee80:   000000006a78e1a8 0000000000000004
0x000000001034ee90:   0000000000000005 000000006920b02e
0x000000001034eea0:   000000006a76c080 00000000690da3f8
0x000000001034eeb0:   0000000000000004 000000001034ef30
0x000000001034eec0:   0000000000000001 0000000000000000
0x000000001034eed0:   0000000000000001 0000000000000000 

Instructions: (pc=0x00000000691a41a8)
0x00000000691a4188:   4c 2b c9 0f 1f 44 00 00 48 8b 02 48 83 c1 20 48
0x00000000691a4198:   83 c2 20 48 89 41 e0 49 8b 44 09 e8 48 89 41 e8
0x00000000691a41a8:   48 8b 42 f0 48 89 41 f0 48 8b 42 f8 48 89 41 f8
0x00000000691a41b8:   49 3b ca 72 d3 4d 8d 48 fd 49 3b c9 73 1c 66 66 


Register to memory mapping:

RAX=0x000000000003f000 is an unknown value
RBX=0x000000006a76c080 is an unknown value
RCX=0x000000001288d2f0 is an unknown value
RDX=0x000000000e0b1010 is an unknown value
RSP=0x000000001034ede0 is pointing into the stack for thread: 0x000000000df64000
RBP=0x0000000000000004 is an unknown value
RSI=0x000000001288d2d0 is an unknown value
RDI=0x0000000000000030 is an unknown value
R8 =0x000000001288d300 is an unknown value
R9 =0xfffffffffb823d20 is an unknown value
R10=0x000000001288d2e1 is an unknown value
R11=0x0000000081330000 is an unknown value
R12=0x000000000000002c is an unknown value
R13=0x000000006a790b58 is an unknown value
R14=0x000000000000002c is an unknown value
R15=0x0000000000000001 is an unknown value


Stack: [0x0000000010250000,0x0000000010350000],  sp=0x000000001034ede0,  free space=1019k
Native frames: (J=compiled Java code, j=interpreted, Vv=VM code, C=native code)
C  [atio6axx.dll+0x1741a8]  DrvPresentBuffers+0x10f0d8

Java frames: (J=compiled Java code, j=interpreted, Vv=VM code)
j  org.lwjgl.opengl.GL11.nglDrawArrays(IIIJ)V+0
j  org.lwjgl.opengl.GL11.glDrawArrays(III)V+20
j  com.badlogic.gdx.backends.lwjgl.LwjglGL10.glDrawArrays(III)V+3
j  com.tgra.First3D_Core.drawShuttle()V+143
j  com.tgra.First3D_Core.display()V+482
j  com.tgra.First3D_Core.render()V+5
j  com.badlogic.gdx.backends.lwjgl.LwjglApplication.mainLoop()V+246
j  com.badlogic.gdx.backends.lwjgl.LwjglApplication.access$000(Lcom/badlogic/gdx/backends/lwjgl/LwjglApplication;)V+1
j  com.badlogic.gdx.backends.lwjgl.LwjglApplication$1.run()V+4
v  ~StubRoutines::call_stub

---------------  P R O C E S S  ---------------

Java Threads: ( => current thread )
  0x00000000020ed800 JavaThread "DestroyJavaVM" [_thread_blocked, id=17376, stack(0x0000000002270000,0x0000000002370000)]
=>0x000000000df64000 JavaThread "LWJGL Application" [_thread_in_native, id=14664, stack(0x0000000010250000,0x0000000010350000)]
  0x000000000dd72800 JavaThread "Service Thread" daemon [_thread_blocked, id=16832, stack(0x000000000ea00000,0x000000000eb00000)]
  0x000000000dd52800 JavaThread "C2 CompilerThread1" daemon [_thread_blocked, id=16792, stack(0x000000000e850000,0x000000000e950000)]
  0x000000000dd3e000 JavaThread "C2 CompilerThread0" daemon [_thread_blocked, id=16568, stack(0x000000000e680000,0x000000000e780000)]
  0x000000000dd3c000 JavaThread "Attach Listener" daemon [_thread_blocked, id=15456, stack(0x000000000e3d0000,0x000000000e4d0000)]
  0x000000000dd3b000 JavaThread "Signal Dispatcher" daemon [_thread_blocked, id=17084, stack(0x000000000e1e0000,0x000000000e2e0000)]
  0x000000000be16800 JavaThread "Finalizer" daemon [_thread_blocked, id=17312, stack(0x000000000dbf0000,0x000000000dcf0000)]
  0x000000000be0d800 JavaThread "Reference Handler" daemon [_thread_blocked, id=17288, stack(0x000000000da90000,0x000000000db90000)]

Other Threads:
  0x000000000be05800 VMThread [stack: 0x000000000d860000,0x000000000d960000] [id=17064]
  0x000000000dd7b800 WatcherThread [stack: 0x000000000e580000,0x000000000e680000] [id=13228]

VM state:not at safepoint (normal execution)

VM Mutex/Monitor currently owned by a thread: None

Heap
 PSYoungGen      total 38080K, used 6776K [0x00000007d58b0000, 0x00000007d8320000, 0x0000000800000000)
  eden space 32704K, 20% used [0x00000007d58b0000,0x00000007d5f4e110,0x00000007d78a0000)
  from space 5376K, 0% used [0x00000007d7de0000,0x00000007d7de0000,0x00000007d8320000)
  to   space 5376K, 0% used [0x00000007d78a0000,0x00000007d78a0000,0x00000007d7de0000)
 ParOldGen       total 86976K, used 0K [0x0000000780a00000, 0x0000000785ef0000, 0x00000007d58b0000)
  object space 86976K, 0% used [0x0000000780a00000,0x0000000780a00000,0x0000000785ef0000)
 PSPermGen       total 21248K, used 4656K [0x000000077b800000, 0x000000077ccc0000, 0x0000000780a00000)
  object space 21248K, 21% used [0x000000077b800000,0x000000077bc8c170,0x000000077ccc0000)

Card table byte_map: [0x0000000005370000,0x00000000057a0000] byte_map_base: 0x0000000001794000

Polling page: 0x0000000000320000

Code Cache  [0x0000000002370000, 0x00000000025e0000, 0x0000000005370000)
 total_blobs=333 nmethods=15 adapters=270 free_code_cache=48675Kb largest_free_block=49838208

Compilation events (10 events):
Event: 0.208 Thread 0x000000000dd52800    9             sun.nio.cs.UTF_8$Encoder::encode (361 bytes)
Event: 0.212 Thread 0x000000000dd52800 nmethod 9 0x00000000023d52d0 code [0x00000000023d5420, 0x00000000023d5908]
Event: 0.220 Thread 0x000000000dd3e000   10             java.lang.String::startsWith (72 bytes)
Event: 0.222 Thread 0x000000000dd3e000 nmethod 10 0x00000000023d4c90 code [0x00000000023d4de0, 0x00000000023d4f98]
Event: 0.492 Thread 0x000000000dd52800   11             sun.net.www.ParseUtil::encodePath (336 bytes)
Event: 0.492 Thread 0x000000000dd3e000   12             java.lang.Object::<init> (1 bytes)
Event: 0.492 Thread 0x000000000dd3e000 nmethod 12 0x00000000023e2c50 code [0x00000000023e2d80, 0x00000000023e2e18]
Event: 0.506 Thread 0x000000000dd52800 nmethod 11 0x00000000023e6b10 code [0x00000000023e6d40, 0x00000000023e7d58]
Event: 0.514 Thread 0x000000000dd3e000   14             java.lang.String::equals (81 bytes)
Event: 0.517 Thread 0x000000000dd3e000 nmethod 14 0x00000000023e3790 code [0x00000000023e38e0, 0x00000000023e3b38]

GC Heap History (0 events):
No events

Deoptimization events (1 events):
Event: 0.160 Thread 0x00000000020ed800 Uncommon trap 30 fr.pc 0x00000000023d1e64

Internal exceptions (10 events):
Event: 0.548 Thread 0x000000000df64000 Threw 0x00000007d5e28e60 at C:\jdk7u2_64p\jdk7u6\hotspot\src\share\vm\prims\jvm.cpp:1166
Event: 0.562 Thread 0x000000000df64000 Threw 0x00000007d5e44cb0 at C:\jdk7u2_64p\jdk7u6\hotspot\src\share\vm\prims\jvm.cpp:1166
Event: 0.563 Thread 0x000000000df64000 Threw 0x00000007d5e48bd0 at C:\jdk7u2_64p\jdk7u6\hotspot\src\share\vm\prims\jvm.cpp:1166
Event: 0.632 Thread 0x000000000df64000 Threw 0x00000007d5ebbc08 at C:\jdk7u2_64p\jdk7u6\hotspot\src\share\vm\prims\jvm.cpp:1166
Event: 0.633 Thread 0x000000000df64000 Threw 0x00000007d5ec4a08 at C:\jdk7u2_64p\jdk7u6\hotspot\src\share\vm\prims\jvm.cpp:1166
Event: 0.634 Thread 0x000000000df64000 Threw 0x00000007d5ec7230 at C:\jdk7u2_64p\jdk7u6\hotspot\src\share\vm\prims\jvm.cpp:1166
Event: 0.634 Thread 0x000000000df64000 Threw 0x00000007d5eccfc8 at C:\jdk7u2_64p\jdk7u6\hotspot\src\share\vm\prims\jvm.cpp:1166
Event: 0.635 Thread 0x000000000df64000 Threw 0x00000007d5ed10b8 at C:\jdk7u2_64p\jdk7u6\hotspot\src\share\vm\prims\jvm.cpp:1166
Event: 0.635 Thread 0x000000000df64000 Threw 0x00000007d5ed2ed8 at C:\jdk7u2_64p\jdk7u6\hotspot\src\share\vm\prims\jvm.cpp:1166
Event: 0.635 Thread 0x000000000df64000 Threw 0x00000007d5ed43a8 at C:\jdk7u2_64p\jdk7u6\hotspot\src\share\vm\prims\jvm.cpp:1166

Events (10 events):
Event: 0.634 loading class 0x000000000df3c930
Event: 0.634 loading class 0x000000000df3c930 done
Event: 0.634 loading class 0x000000000df3cdb0
Event: 0.634 loading class 0x000000000df3cdb0 done
Event: 0.635 loading class 0x000000000dda01f0
Event: 0.635 loading class 0x000000000dda01f0 done
Event: 0.635 loading class 0x000000000dda0220
Event: 0.635 loading class 0x000000000dda0220 done
Event: 0.635 loading class 0x000000000dda0250
Event: 0.635 loading class 0x000000000dda0250 done


Dynamic libraries:
0x000000013f460000 - 0x000000013f494000 	C:\Program Files\Java\jre7\bin\javaw.exe
0x0000000076ec0000 - 0x0000000077069000 	C:\Windows\SYSTEM32\ntdll.dll
0x0000000076940000 - 0x0000000076a5f000 	C:\Windows\system32\kernel32.dll
0x000007fefd640000 - 0x000007fefd6ab000 	C:\Windows\system32\KERNELBASE.dll
0x000007fefd6f0000 - 0x000007fefd7cb000 	C:\Windows\system32\ADVAPI32.dll
0x000007feff130000 - 0x000007feff1cf000 	C:\Windows\system32\msvcrt.dll
0x000007fefea80000 - 0x000007fefea9f000 	C:\Windows\SYSTEM32\sechost.dll
0x000007fefe820000 - 0x000007fefe94d000 	C:\Windows\system32\RPCRT4.dll
0x0000000076c70000 - 0x0000000076d6a000 	C:\Windows\system32\USER32.dll
0x000007fefeaa0000 - 0x000007fefeb07000 	C:\Windows\system32\GDI32.dll
0x000007fefea70000 - 0x000007fefea7e000 	C:\Windows\system32\LPK.dll
0x000007fefecf0000 - 0x000007fefedb9000 	C:\Windows\system32\USP10.dll
0x000007fefb8d0000 - 0x000007fefbac4000 	C:\Windows\WinSxS\amd64_microsoft.windows.common-controls_6595b64144ccf1df_6.0.7601.17514_none_fa396087175ac9ac\COMCTL32.dll
0x000007fefe950000 - 0x000007fefe9c1000 	C:\Windows\system32\SHLWAPI.dll
0x000007fefe560000 - 0x000007fefe58e000 	C:\Windows\system32\IMM32.DLL
0x000007fefe700000 - 0x000007fefe809000 	C:\Windows\system32\MSCTF.dll
0x0000000068260000 - 0x0000000068331000 	C:\Program Files\Java\jre7\bin\msvcr100.dll
0x0000000067b40000 - 0x000000006825f000 	C:\Program Files\Java\jre7\bin\server\jvm.dll
0x000007fee6d70000 - 0x000007fee6d79000 	C:\Windows\system32\WSOCK32.dll
0x000007fefe590000 - 0x000007fefe5dd000 	C:\Windows\system32\WS2_32.dll
0x000007fefe810000 - 0x000007fefe818000 	C:\Windows\system32\NSI.dll
0x000007fef9970000 - 0x000007fef99ab000 	C:\Windows\system32\WINMM.dll
0x0000000077090000 - 0x0000000077097000 	C:\Windows\system32\PSAPI.DLL
0x0000000073ac0000 - 0x0000000073acf000 	C:\Program Files\Java\jre7\bin\verify.dll
0x00000000739f0000 - 0x0000000073a18000 	C:\Program Files\Java\jre7\bin\java.dll
0x0000000073aa0000 - 0x0000000073ab5000 	C:\Program Files\Java\jre7\bin\zip.dll
0x0000000062100000 - 0x00000000621e7000 	C:\Users\HaukurLap\AppData\Local\Temp\libgdx\1728443592\gdx-64.dll
0x0000000180000000 - 0x0000000180050000 	C:\Users\HaukurLap\AppData\Local\Temp\libgdx\1728443592\lwjgl64.dll
0x000007fedd9c0000 - 0x000007feddadd000 	C:\Windows\system32\OPENGL32.dll
0x000007feea080000 - 0x000007feea0ad000 	C:\Windows\system32\GLU32.dll
0x000007fede050000 - 0x000007fede141000 	C:\Windows\system32\DDRAW.dll
0x000007feeaef0000 - 0x000007feeaef8000 	C:\Windows\system32\DCIMAN32.dll
0x000007fefeb10000 - 0x000007fefece7000 	C:\Windows\system32\SETUPAPI.dll
0x000007fefd6b0000 - 0x000007fefd6e6000 	C:\Windows\system32\CFGMGR32.dll
0x000007fefedc0000 - 0x000007fefee97000 	C:\Windows\system32\OLEAUT32.dll
0x000007fefeea0000 - 0x000007feff0a3000 	C:\Windows\system32\ole32.dll
0x000007fefd410000 - 0x000007fefd42a000 	C:\Windows\system32\DEVOBJ.dll
0x000007fefb410000 - 0x000007fefb428000 	C:\Windows\system32\dwmapi.dll
0x000007fefc3e0000 - 0x000007fefc3ec000 	C:\Windows\system32\VERSION.dll
0x00000000021f0000 - 0x0000000002243000 	C:\Users\HAUKUR~1\AppData\Local\Temp\libgdx\1728443592\OpenAL64.dll
0x000007fefd7d0000 - 0x000007fefe558000 	C:\Windows\system32\SHELL32.dll
0x000007feddfc0000 - 0x000007fede048000 	C:\Windows\system32\dsound.dll
0x000007fefc3f0000 - 0x000007fefc41c000 	C:\Windows\system32\POWRPROF.dll
0x000007fefd250000 - 0x000007fefd25f000 	C:\Windows\system32\CRYPTBASE.dll
0x000007fefe5e0000 - 0x000007fefe679000 	C:\Windows\system32\CLBCatQ.DLL
0x000007fefc140000 - 0x000007fefc18b000 	C:\Windows\System32\MMDevApi.dll
0x000007fefc010000 - 0x000007fefc13c000 	C:\Windows\System32\PROPSYS.dll
0x000007fef8c60000 - 0x000007fef8caf000 	C:\Windows\system32\AUDIOSES.DLL
0x000007fefb7f0000 - 0x000007fefb846000 	C:\Windows\system32\uxtheme.dll
0x000007feea660000 - 0x000007feea669000 	C:\Windows\system32\atig6pxx.dll
0x0000000069030000 - 0x000000006a8f7000 	C:\Windows\system32\atio6axx.dll
0x0000000070f20000 - 0x0000000071009000 	C:\Windows\system32\aticfx64.dll
0x000007fefc000000 - 0x000007fefc009000 	C:\Windows\system32\avrt.dll
0x000007fefa570000 - 0x000007fefa5f9000 	C:\Windows\system32\atiadlxx.dll
0x000007fefc620000 - 0x000007fefc63e000 	C:\Windows\system32\USERENV.dll
0x000007fefd320000 - 0x000007fefd32f000 	C:\Windows\system32\profapi.dll
0x000007fefc4e0000 - 0x000007fefc4f1000 	C:\Windows\system32\WTSAPI32.dll
0x000007fefd3d0000 - 0x000007fefd40a000 	C:\Windows\system32\WINTRUST.dll
0x000007fefd4d0000 - 0x000007fefd63c000 	C:\Windows\system32\CRYPT32.dll
0x000007fefd3c0000 - 0x000007fefd3cf000 	C:\Windows\system32\MSASN1.dll
0x000007feea650000 - 0x000007feea65e000 	C:\Windows\system32\atig6txx.dll
0x000007fedf7d0000 - 0x000007fedf86c000 	C:\Windows\system32\mscms.dll
0x000007feea4e0000 - 0x000007feea522000 	C:\Windows\system32\icm32.dll
0x000007fee2300000 - 0x000007fee2425000 	C:\Windows\system32\dbghelp.dll

VM Arguments:
jvm_args: -Dfile.encoding=UTF-8 
java_command: com.tgra.DesktopStarter
Launcher Type: SUN_STANDARD

Environment Variables:
JAVA_HOME=C:\Program Files\Java\jdk1.7.0_06\bin
CLASSPATH=.;C:\Users\HaukurLap\algs4\algs4.jar;C:\Users\HaukurLap\algs4\stdlib.jar;C:\Users\HaukurLap\Verkefni\Sidannarverkefni\lib\checkstyle-5.6\checkstyle-5.6-all.jar;C:\Users\HaukurLap\Verkefni\Sidannarverkefni\lib\checkstyle-5.6\google-collections-1.0.jar;C:\Users\HaukurLap\Verkefni\Sidannarverkefni\lib\checkstyle-5.6\commons-cli-1.2.jar;C:\Users\HaukurLap\Verkefni\Sidannarverkefni\lib\checkstyle-5.6\antlr-2.7.7.jar;C:\Users\HaukurLap\Verkefni\Sidannarverkefni\lib\checkstyle-5.6\commons-cli-1.2.jar;C:\Users\HaukurLap\Verkefni\Sidannarverkefni\lib\checkstyle-5.6\commons-beanutils-core-1.8.3.jar
PATH=C:\Program Files\Common Files\Microsoft Shared\Windows Live;C:\Program Files (x86)\Common Files\Microsoft Shared\Windows Live;C:\Program Files (x86)\AMD APP\bin\x86_64;C:\Program Files (x86)\AMD APP\bin\x86;C:\Program Files (x86)\Intel\iCLS Client\;C:\Program Files\Intel\iCLS Client\;C:\windows\system32;C:\windows;C:\windows\System32\Wbem;C:\windows\System32\WindowsPowerShell\v1.0\;C:\Program Files\Intel\Intel(R) Management Engine Components\DAL;C:\Program Files\Intel\Intel(R) Management Engine Components\IPT;C:\Program Files (x86)\Intel\Intel(R) Management Engine Components\DAL;C:\Program Files (x86)\Intel\Intel(R) Management Engine Components\IPT;C:\Program Files (x86)\ATI Technologies\ATI.ACE\Core-Static;C:\Program Files (x86)\Windows Live\Shared;C:\Program Files\nodejs\;C:\Program Files (x86)\Mercurial;C:\chromium\depot_tools\;c:\Program Files (x86)\Microsoft SQL Server\100\Tools\Binn\;c:\Program Files\Microsoft SQL Server\100\Tools\Binn\;c:\Program Files\Microsoft SQL Server\100\DTS\Binn\;C:\Program Files (x86)\Windows Kits\8.0\Windows Performance Toolkit\;C:\Ruby200\bin\;C:\Python27;C:\Python27\Scripts;C:\Users\HaukurLap\AppData\Roaming\npm;C:\Program Files (x86)\Git\bin
USERNAME=HaukurLap
OS=Windows_NT
PROCESSOR_IDENTIFIER=Intel64 Family 6 Model 58 Stepping 9, GenuineIntel



---------------  S Y S T E M  ---------------

OS: Windows 7 , 64 bit Build 7601 Service Pack 1

CPU:total 8 (4 cores per cpu, 2 threads per core) family 6 model 58 stepping 9, cmov, cx8, fxsr, mmx, sse, sse2, sse3, ssse3, sse4.1, sse4.2, popcnt, avx, ht, tsc, tscinvbit, tscinv

Memory: 4k page, physical 8347448k(2378056k free), swap 16693036k(9177988k free)

vm_info: Java HotSpot(TM) 64-Bit Server VM (23.2-b09) for windows-amd64 JRE (1.7.0_06-b24), built on Aug  9 2012 20:44:07 by "java_re" with unknown MS VC++:1600

time: Thu Nov 14 00:27:37 2013
elapsed time: 0 seconds

